Working Path is: resources/clarkData
---new session: Fri Nov 07 15:11:48 CET 2014 ---
---version ID: Version 4.0 (ID:20080114) ---
Working Path is: resources/clarkData
---new session: Fri Nov 07 15:29:40 CET 2014 ---
---version ID: Version 4.0 (ID:20080114) ---
Working Path is: resources/clarkData
---new session: Fri Nov 07 15:29:48 CET 2014 ---
---version ID: Version 4.0 (ID:20080114) ---
Working Path is: resources/clarkData
---new session: Fri Nov 07 15:36:08 CET 2014 ---
---version ID: Version 4.0 (ID:20080114) ---
Working Path is: resources/clarkData
---new session: Fri Nov 07 15:36:21 CET 2014 ---
---version ID: Version 4.0 (ID:20080114) ---
Working Path is: resources/clarkData
---new session: Fri Nov 07 16:11:17 CET 2014 ---
---version ID: Version 4.0 (ID:20080114) ---
Working Path is: resources/clarkData
---new session: Fri Nov 07 16:18:41 CET 2014 ---
---version ID: Version 4.0 (ID:20080114) ---
Working Path is: resources/clarkData
---new session: Fri Nov 07 16:22:40 CET 2014 ---
---version ID: Version 4.0 (ID:20080114) ---
Working Path is: resources/clarkData
---new session: Fri Nov 07 16:25:37 CET 2014 ---
---version ID: Version 4.0 (ID:20080114) ---
Working Path is: /home/ilich/piperepo/trunk/Pipe/resources/clarkData
---new session: Fri Nov 07 16:30:34 CET 2014 ---
---version ID: Version 4.0 (ID:20080114) ---
Working Path is: resources/clarkData
---new session: Fri Nov 07 16:37:00 CET 2014 ---
---version ID: Version 4.0 (ID:20080114) ---
Working Path is: resources/clarkData
---new session: Fri Nov 07 16:40:09 CET 2014 ---
---version ID: Version 4.0 (ID:20080114) ---
Working Path is: /home/ilich/piperepo/trunk/Pipe/resources/clarkData
---new session: Fri Nov 07 16:44:33 CET 2014 ---
---version ID: Version 4.0 (ID:20080114) ---
Working Path is: resources/clarkData
---new session: Fri Nov 07 16:47:54 CET 2014 ---
---version ID: Version 4.0 (ID:20080114) ---
Working Path is: resources/clarkData
---new session: Fri Nov 07 16:54:17 CET 2014 ---
---version ID: Version 4.0 (ID:20080114) ---
Working Path is: resources/clarkData
---new session: Mon Nov 10 09:22:50 CET 2014 ---
---version ID: Version 4.0 (ID:20080114) ---
Working Path is: resources/clarkData
---new session: Fri Nov 14 10:10:52 CET 2014 ---
---version ID: Version 4.0 (ID:20080114) ---
Working Path is: resources/clarkData
---new session: Fri Nov 14 10:13:37 CET 2014 ---
---version ID: Version 4.0 (ID:20080114) ---
Working Path is: resources/clarkData
---new session: Fri Nov 14 10:17:07 CET 2014 ---
---version ID: Version 4.0 (ID:20080114) ---
Working Path is: resources/clarkData
---new session: Fri Nov 14 10:19:39 CET 2014 ---
---version ID: Version 4.0 (ID:20080114) ---
Working Path is: resources/clarkData
---new session: Fri Nov 14 10:19:50 CET 2014 ---
---version ID: Version 4.0 (ID:20080114) ---
Working Path is: resources/clarkData
---new session: Fri Nov 14 10:23:15 CET 2014 ---
---version ID: Version 4.0 (ID:20080114) ---
Working Path is: resources/clarkData
---new session: Fri Nov 14 10:24:25 CET 2014 ---
---version ID: Version 4.0 (ID:20080114) ---
Working Path is: resources/clarkData
---new session: Fri Nov 14 10:29:38 CET 2014 ---
---version ID: Version 4.0 (ID:20080114) ---
Working Path is: /home/ilich/piperepo/trunk/Pipe/resources/clarkData
---new session: Fri Nov 14 10:33:10 CET 2014 ---
---version ID: Version 4.0 (ID:20080114) ---
Working Path is: /home/ilich/piperepo/trunk/Pipe/resources/clarkData
---new session: Fri Nov 14 10:34:06 CET 2014 ---
---version ID: Version 4.0 (ID:20080114) ---
Working Path is: /home/ilich/piperepo/trunk/Pipe/resources/clarkData
---new session: Fri Nov 14 10:54:32 CET 2014 ---
---version ID: Version 4.0 (ID:20080114) ---
Working Path is: /home/ilich/piperepo/trunk/Pipe/resources/clarkData
---new session: Fri Nov 14 11:07:59 CET 2014 ---
---version ID: Version 4.0 (ID:20080114) ---
Working Path is: /home/ilich/piperepo/trunk/Pipe/resources/clarkData
---new session: Fri Nov 14 11:19:40 CET 2014 ---
---version ID: Version 4.0 (ID:20080114) ---
Working Path is: /home/ilich/piperepo/trunk/Pipe/resources/clarkData
---new session: Fri Nov 14 12:26:29 CET 2014 ---
---version ID: Version 4.0 (ID:20080114) ---
Working Path is: resources/clarkData
---new session: Tue Nov 18 17:11:56 CET 2014 ---
---version ID: Version 4.0 (ID:20080114) ---
Working Path is: resources/clarkData
---new session: Tue Nov 18 17:23:25 CET 2014 ---
---version ID: Version 4.0 (ID:20080114) ---
Working Path is: resources/clarkData
---new session: Fri Dec 12 11:33:35 EET 2014 ---
---version ID: Version 4.0 (ID:20080114) ---
Working Path is: resources/clarkData
---new session: Fri Dec 12 12:48:55 EET 2014 ---
---version ID: Version 4.0 (ID:20080114) ---
Working Path is: resources/clarkData
---new session: Fri Dec 12 12:49:11 EET 2014 ---
---version ID: Version 4.0 (ID:20080114) ---
Working Path is: resources/clarkData
---new session: Fri Dec 12 13:58:57 EET 2014 ---
---version ID: Version 4.0 (ID:20080114) ---
Working Path is: resources/clarkData
---new session: Fri Dec 12 14:37:27 EET 2014 ---
---version ID: Version 4.0 (ID:20080114) ---
Working Path is: resources/clarkData
---new session: Fri Dec 12 14:38:42 EET 2014 ---
---version ID: Version 4.0 (ID:20080114) ---
Working Path is: resources/clarkData
---new session: Fri Dec 12 14:41:18 EET 2014 ---
---version ID: Version 4.0 (ID:20080114) ---
Working Path is: resources/clarkData
---new session: Fri Dec 12 14:43:28 EET 2014 ---
---version ID: Version 4.0 (ID:20080114) ---
Working Path is: resources/clarkData
---new session: Sat Dec 13 09:32:54 EET 2014 ---
---version ID: Version 4.0 (ID:20080114) ---
Working Path is: resources/clarkData
---new session: Sat Dec 13 09:33:25 EET 2014 ---
---version ID: Version 4.0 (ID:20080114) ---
Working Path is: resources/clarkData
---new session: Sat Dec 13 09:35:44 EET 2014 ---
---version ID: Version 4.0 (ID:20080114) ---
Working Path is: resources/clarkData
---new session: Sat Dec 13 09:36:33 EET 2014 ---
---version ID: Version 4.0 (ID:20080114) ---
Working Path is: resources/clarkData
---new session: Sat Dec 13 09:38:21 EET 2014 ---
---version ID: Version 4.0 (ID:20080114) ---
Working Path is: resources/clarkData
---new session: Sat Dec 13 09:39:20 EET 2014 ---
---version ID: Version 4.0 (ID:20080114) ---
Working Path is: resources/clarkData
---new session: Sat Dec 13 09:41:11 EET 2014 ---
---version ID: Version 4.0 (ID:20080114) ---
Working Path is: resources/clarkData
---new session: Sat Dec 13 12:56:30 EET 2014 ---
---version ID: Version 4.0 (ID:20080114) ---
Working Path is: resources/clarkData
---new session: Sat Dec 13 13:21:18 EET 2014 ---
---version ID: Version 4.0 (ID:20080114) ---
Working Path is: resources/clarkData
---new session: Sat Dec 13 13:22:27 EET 2014 ---
---version ID: Version 4.0 (ID:20080114) ---
Working Path is: resources/clarkData
---new session: Mon Dec 15 10:25:46 EET 2014 ---
---version ID: Version 4.0 (ID:20080114) ---
Working Path is: resources/clarkData
---new session: Mon Dec 15 10:27:22 EET 2014 ---
---version ID: Version 4.0 (ID:20080114) ---
Working Path is: resources/clarkData
---new session: Mon Dec 15 10:27:46 EET 2014 ---
---version ID: Version 4.0 (ID:20080114) ---
Working Path is: resources/clarkData
---new session: Mon Dec 15 10:35:27 EET 2014 ---
---version ID: Version 4.0 (ID:20080114) ---
Working Path is: resources/clarkData
---new session: Mon Dec 15 10:43:24 EET 2014 ---
---version ID: Version 4.0 (ID:20080114) ---
Working Path is: resources/clarkData
---new session: Mon Dec 15 10:47:43 EET 2014 ---
---version ID: Version 4.0 (ID:20080114) ---
Working Path is: resources/clarkData
---new session: Mon Dec 15 11:05:24 EET 2014 ---
---version ID: Version 4.0 (ID:20080114) ---
Working Path is: resources/clarkData
---new session: Mon Dec 15 11:14:32 EET 2014 ---
---version ID: Version 4.0 (ID:20080114) ---
Working Path is: resources/clarkData
---new session: Mon Dec 15 11:17:53 EET 2014 ---
---version ID: Version 4.0 (ID:20080114) ---
Working Path is: resources/clarkData
---new session: Mon Dec 15 11:21:28 EET 2014 ---
---version ID: Version 4.0 (ID:20080114) ---
Working Path is: resources/clarkData
---new session: Mon Dec 15 11:23:05 EET 2014 ---
---version ID: Version 4.0 (ID:20080114) ---
Working Path is: resources/clarkData
---new session: Mon Dec 15 12:33:22 EET 2014 ---
---version ID: Version 4.0 (ID:20080114) ---
Working Path is: /home/ilich/piperepo/trunk/Pipe/resources/clarkData
---new session: Mon Dec 15 13:25:43 EET 2014 ---
---version ID: Version 4.0 (ID:20080114) ---
Working Path is: /home/ilich/piperepo/trunk/Pipe/resources/clarkData
---new session: Mon Dec 15 13:58:57 EET 2014 ---
---version ID: Version 4.0 (ID:20080114) ---
Working Path is: /home/ilich/piperepo/trunk/Pipe/resources/clarkData
---new session: Mon Dec 15 14:01:20 EET 2014 ---
---version ID: Version 4.0 (ID:20080114) ---
Working Path is: /home/ilich/piperepo/trunk/Pipe/resources/clarkData
---new session: Mon Dec 15 14:02:05 EET 2014 ---
---version ID: Version 4.0 (ID:20080114) ---
Working Path is: /home/ilich/piperepo/trunk/Pipe/resources/clarkData
---new session: Mon Dec 15 14:38:33 EET 2014 ---
---version ID: Version 4.0 (ID:20080114) ---
Working Path is: /home/ilich/piperepo/trunk/Pipe/resources/clarkData
---new session: Mon Dec 15 14:51:46 EET 2014 ---
---version ID: Version 4.0 (ID:20080114) ---
Working Path is: /home/ilich/piperepo/trunk/Pipe/resources/clarkData
---new session: Mon Dec 15 15:06:02 EET 2014 ---
---version ID: Version 4.0 (ID:20080114) ---
Working Path is: /home/ilich/piperepo/trunk/Pipe/resources/clarkData
---new session: Mon Dec 15 15:10:19 EET 2014 ---
---version ID: Version 4.0 (ID:20080114) ---
Working Path is: /home/ilich/piperepo/trunk/Pipe/resources/clarkData
---new session: Mon Dec 15 15:10:58 EET 2014 ---
---version ID: Version 4.0 (ID:20080114) ---
Working Path is: resources/clarkData
---new session: Mon Dec 15 15:30:12 EET 2014 ---
---version ID: Version 4.0 (ID:20080114) ---
Working Path is: resources/clarkData
---new session: Mon Dec 15 15:39:06 EET 2014 ---
---version ID: Version 4.0 (ID:20080114) ---
Working Path is: /home/ilich/Desktop/BTBpipe/pipe_2014_12_18/resources/clarkData
---new session: Wed Jan 14 16:54:15 EET 2015 ---
---version ID: Version 4.0 (ID:20080114) ---
Working Path is: /home/ilich/Desktop/BTBpipe/pipe_2014_12_18/resources/clarkData
---new session: Wed Jan 14 17:05:03 EET 2015 ---
---version ID: Version 4.0 (ID:20080114) ---
Working Path is: /home/ilich/Desktop/BTBpipe/pipe_2014_12_18/resources/clarkData
---new session: Wed Jan 14 17:28:58 EET 2015 ---
---version ID: Version 4.0 (ID:20080114) ---
Working Path is: /home/ilich/Desktop/BTBpipe/pipe_2014_12_18/resources/clarkData
---new session: Thu Jan 15 09:31:20 EET 2015 ---
---version ID: Version 4.0 (ID:20080114) ---
Working Path is: resources/clarkData
---new session: Thu Jan 15 11:20:37 EET 2015 ---
---version ID: Version 4.0 (ID:20080114) ---
Working Path is: resources/clarkData
---new session: Thu Jan 15 13:19:04 EET 2015 ---
---version ID: Version 4.0 (ID:20080114) ---
Working Path is: resources/clarkData
---new session: Thu Jan 15 15:31:27 EET 2015 ---
---version ID: Version 4.0 (ID:20080114) ---
Working Path is: resources/clarkData
---new session: Thu Jan 15 15:40:30 EET 2015 ---
---version ID: Version 4.0 (ID:20080114) ---
Working Path is: resources/clarkData
---new session: Mon Jan 19 12:34:41 CET 2015 ---
---version ID: Version 4.0 (ID:20080114) ---
Working Path is: resources/clarkData
---new session: Mon Jan 19 12:36:25 CET 2015 ---
---version ID: Version 4.0 (ID:20080114) ---
Working Path is: resources/clarkData
---new session: Thu Jan 22 15:50:23 CET 2015 ---
---version ID: Version 4.0 (ID:20080114) ---
Working Path is: resources/clarkData
---new session: Thu Jan 22 15:58:15 CET 2015 ---
---version ID: Version 4.0 (ID:20080114) ---
Working Path is: resources/clarkData
---new session: Thu Jan 22 15:58:55 CET 2015 ---
---version ID: Version 4.0 (ID:20080114) ---
Working Path is: resources/clarkData
---new session: Thu Jan 22 16:02:58 CET 2015 ---
---version ID: Version 4.0 (ID:20080114) ---
Working Path is: /home/ilich/Desktop/BTBpipe/pipe_2014_12_18/resources/clarkData
---new session: Fri Jan 23 12:55:28 CET 2015 ---
---version ID: Version 4.0 (ID:20080114) ---
Working Path is: /home/ilich/Desktop/BTBpipe/pipe_2014_12_18/resources/clarkData
---new session: Fri Jan 23 12:58:09 CET 2015 ---
---version ID: Version 4.0 (ID:20080114) ---
Working Path is: /home/ilich/Desktop/BTBpipe/pipe_2014_12_18/resources/clarkData
---new session: Fri Jan 23 12:59:51 CET 2015 ---
---version ID: Version 4.0 (ID:20080114) ---
Working Path is: resources/clarkData
---new session: Thu Jan 29 09:17:48 CET 2015 ---
---version ID: Version 4.0 (ID:20080114) ---
Working Path is: resources/clarkData
---new session: Thu Jan 29 09:36:17 CET 2015 ---
---version ID: Version 4.0 (ID:20080114) ---
Working Path is: resources/clarkData
---new session: Fri Jan 30 09:01:00 CET 2015 ---
---version ID: Version 4.0 (ID:20080114) ---
Working Path is: /home/ilich/Desktop/BTBpipe/pipe_2014_12_18/resources/clarkData
---new session: Wed Feb 04 10:22:27 CET 2015 ---
---version ID: Version 4.0 (ID:20080114) ---
Working Path is: /home/ilich/Desktop/BTBpipe/pipe_2014_12_18/resources/clarkData
---new session: Wed Feb 04 12:27:35 CET 2015 ---
---version ID: Version 4.0 (ID:20080114) ---
Working Path is: /home/ilich/Desktop/BTBpipe/pipe_2014_12_18/resources/clarkData
---new session: Wed Feb 04 13:10:10 CET 2015 ---
---version ID: Version 4.0 (ID:20080114) ---
Working Path is: /home/ilich/Desktop/BTBpipe/pipe_2014_12_18/resources/clarkData
---new session: Wed Feb 04 13:11:04 CET 2015 ---
---version ID: Version 4.0 (ID:20080114) ---
Working Path is: /home/ilich/Desktop/BTBpipe/pipe_2014_12_18/resources/clarkData
---new session: Wed Feb 04 13:11:49 CET 2015 ---
---version ID: Version 4.0 (ID:20080114) ---
Working Path is: /home/ilich/Desktop/BTBpipe/pipe_2014_12_18/resources/clarkData
---new session: Wed Feb 04 13:13:39 CET 2015 ---
---version ID: Version 4.0 (ID:20080114) ---
Working Path is: resources/clarkData
---new session: Wed Feb 04 13:33:11 CET 2015 ---
---version ID: Version 4.0 (ID:20080114) ---
Working Path is: resources/clarkData
---new session: Wed Feb 04 13:50:11 CET 2015 ---
---version ID: Version 4.0 (ID:20080114) ---
