Working Path is: /media/D/clarkWithGaze/data/data
---new session: Thu Jul 17 14:37:07 CEST 2014 ---
---version ID: Version 4.0 (ID:20080114) ---
Working Path is: /media/D/clarkWithGaze/data/data
---new session: Thu Jul 17 16:28:23 CEST 2014 ---
---version ID: Version 4.0 (ID:20080114) ---
Working Path is: /media/D/clarkWithGaze/data/data
---new session: Thu Jul 17 17:14:14 CEST 2014 ---
---version ID: Version 4.0 (ID:20080114) ---
Working Path is: /media/D/clarkWithGaze/data/data
---new session: Thu Jul 17 17:35:58 CEST 2014 ---
---version ID: Version 4.0 (ID:20080114) ---
Working Path is: /media/D/clarkWithGaze/data/data
---new session: Fri Jul 18 10:32:53 CEST 2014 ---
---version ID: Version 4.0 (ID:20080114) ---
Working Path is: /media/D/clarkWithGaze/data/data
---new session: Fri Jul 18 11:43:17 CEST 2014 ---
---version ID: Version 4.0 (ID:20080114) ---
Working Path is: /media/D/clarkWithGaze/data/data
---new session: Fri Jul 18 11:45:08 CEST 2014 ---
---version ID: Version 4.0 (ID:20080114) ---
Error loading index file: FileIndex.dat .
The database is reset!
